<?xml version="1.0" encoding="UTF-8"?>
<!-- Generated by org.testng.reporters.JUnitReportReporter -->
<testsuite hostname="DESKTOP-8VQFVRH" failures="0" tests="1" name="Automation.testsuit.Login" time="0.032" errors="0" timestamp="2024-10-30T09:09:12 GMT+07:00" skipped="0">
  <testcase classname="Automation.testsuit.Login" name="testcase1" time="0.032"/>
  <system-out/>
</testsuite> <!-- Automation.testsuit.Login -->
